


ARM Macro Assembler    Page 1 


    1 00000000                 PRESERVE8
    2 00000000                 THUMB
    3 00000000                 AREA             appcode, CODE, READONLY
    4 00000000                 EXPORT           __main
    5 00000000                 ENTRY
    6 00000000         __main  FUNCTION
    7 00000000 F240 5229       MOV              R2,#1321    ;the no. which is t
                                                            o be checked for ev
                                                            en or odd 
    8 00000004 F04F 0302       MOV              R3,#2
    9 00000008         
   10 00000008 FB92 F4F3       SDIV             R4,R2,R3    ;the no. is first d
                                                            ivided by 2
   11 0000000C FB04 F603       MUL              R6,R4,R3    ;result obtained is
                                                             again multiplied b
                                                            y 2
   12 00000010         
   13 00000010 EBA2 0206       SUB              R2,R6       ;the result is subt
                                                            racted from the ori
                                                            ginal number to kno
                                                            w if even or odd
   14 00000014         
   15 00000014 E7FE    stop    B                stop        ; stop program
   16 00000016                 ENDFUNC
   17 00000016                 END
Command Line: --debug --xref --diag_suppress=9931 --cpu=Cortex-M4.fp --apcs=int
erwork --depend=.\objects\final.d -o.\objects\final.o -I.\RTE\_Target_1 -IC:\Ke
il_v5\ARM\PACK\ARM\CMSIS\5.0.1\CMSIS\Include -IC:\Keil_v5\ARM\PACK\ARM\CMSIS\5.
0.1\Device\ARM\ARMCM4\Include --predefine="__EVAL SETA 1" --predefine="__UVISIO
N_VERSION SETA 524" --predefine="_RTE_ SETA 1" --predefine="ARMCM4_FP SETA 1" -
-list=.\listings\final.lst final.s



ARM Macro Assembler    Page 1 Alphabetic symbol ordering
Relocatable symbols

__main 00000000

Symbol: __main
   Definitions
      At line 6 in file final.s
   Uses
      At line 4 in file final.s
Comment: __main used once
appcode 00000000

Symbol: appcode
   Definitions
      At line 3 in file final.s
   Uses
      None
Comment: appcode unused
stop 00000014

Symbol: stop
   Definitions
      At line 15 in file final.s
   Uses
      At line 15 in file final.s
Comment: stop used once
3 symbols
338 symbols in table
