


ARM Macro Assembler    Page 1 


    1 00000000                 PRESERVE8
    2 00000000                 THUMB
    3 00000000                 AREA             appcode, CODE, READONLY
    4 00000000                 EXPORT           __main
    5 00000000                 ENTRY
    6 00000000         __main  FUNCTION
    7 00000000 F04F 5200       MOV              R2,#0x20000000 ;starting addres
                                                            s for fibonacci ser
                                                            ies
    8 00000004 F04F 0300       MOV              R3,#0       ;initial value for 
                                                            the series
    9 00000008 F04F 0401       MOV              R4,#1       ;initial value for 
                                                            the series
   10 0000000C 6013            STR              R3,[R2]
   11 0000000E F102 0204       ADD              R2,#4
   12 00000012 6014            STR              R4,[R2]
   13 00000014         
   14 00000014 EB03 0504 
                       loop1   ADD              R5,R3,R4
   15 00000018 F102 0204       ADD              R2,#4
   16 0000001C 6015            STR              R5,[R2]
   17 0000001E 4623            MOV              R3,R4
   18 00000020 462C            MOV              R4,R5
   19 00000022 E7F7            B                loop1
   20 00000024         
   21 00000024 E7FE    stop    B                stop        ; stop program
   22 00000026                 ENDFUNC
   23 00000026                 END
Command Line: --debug --xref --diag_suppress=9931 --cpu=Cortex-M4.fp --apcs=int
erwork --depend=.\objects\final.d -o.\objects\final.o -I.\RTE\_Target_1 -IC:\Ke
il_v5\ARM\PACK\ARM\CMSIS\5.0.1\CMSIS\Include -IC:\Keil_v5\ARM\PACK\ARM\CMSIS\5.
0.1\Device\ARM\ARMCM4\Include --predefine="__EVAL SETA 1" --predefine="__UVISIO
N_VERSION SETA 524" --predefine="_RTE_ SETA 1" --predefine="ARMCM4_FP SETA 1" -
-list=.\listings\final.lst final.s



ARM Macro Assembler    Page 1 Alphabetic symbol ordering
Relocatable symbols

__main 00000000

Symbol: __main
   Definitions
      At line 6 in file final.s
   Uses
      At line 4 in file final.s
Comment: __main used once
appcode 00000000

Symbol: appcode
   Definitions
      At line 3 in file final.s
   Uses
      None
Comment: appcode unused
loop1 00000014

Symbol: loop1
   Definitions
      At line 14 in file final.s
   Uses
      At line 19 in file final.s
Comment: loop1 used once
stop 00000024

Symbol: stop
   Definitions
      At line 21 in file final.s
   Uses
      At line 21 in file final.s
Comment: stop used once
4 symbols
339 symbols in table
