


ARM Macro Assembler    Page 1 


    1 00000000                 PRESERVE8
    2 00000000                 THUMB
    3 00000000                 AREA             appcode, CODE, READONLY
    4 00000000                 EXPORT           __main
    5 00000000                 ENTRY
    6 00000000         __main  FUNCTION
    7 00000000 F04F 0237       MOV              R2,#55      ;first number and t
                                                            he final result reg
                                                            ister
    8 00000004 F04F 03E6       MOV              R3,#230     ;second number
    9 00000008 F04F 0564       MOV              R5,#100     ;third number
   10 0000000C         
   11 0000000C 429A            CMP              R2,R3       ;comparing first 2 
                                                            registers
   12 0000000E BFCC            ITE              GT
   13 00000010 4617            MOVGT            R7,R2
   14 00000012 461F            MOVLE            R7,R3
   15 00000014         
   16 00000014 42AF            CMP              R7,R5       ;comparing the larg
                                                            er of the two numbe
                                                            rs with the third r
                                                            egister
   17 00000016 BFCC            ITE              GT
   18 00000018 463A            MOVGT            R2,R7
   19 0000001A 462A            MOVLE            R2,R5
   20 0000001C         
   21 0000001C E7FE    stop    B                stop        ; stop program
   22 0000001E                 ENDFUNC
   23 0000001E                 END
Command Line: --debug --xref --diag_suppress=9931 --cpu=Cortex-M4.fp --apcs=int
erwork --depend=.\objects\final.d -o.\objects\final.o -I.\RTE\_Target_1 -IC:\Ke
il_v5\ARM\PACK\ARM\CMSIS\5.0.1\CMSIS\Include -IC:\Keil_v5\ARM\PACK\ARM\CMSIS\5.
0.1\Device\ARM\ARMCM4\Include --predefine="__EVAL SETA 1" --predefine="__UVISIO
N_VERSION SETA 524" --predefine="_RTE_ SETA 1" --predefine="ARMCM4_FP SETA 1" -
-list=.\listings\final.lst final.s



ARM Macro Assembler    Page 1 Alphabetic symbol ordering
Relocatable symbols

__main 00000000

Symbol: __main
   Definitions
      At line 6 in file final.s
   Uses
      At line 4 in file final.s
Comment: __main used once
appcode 00000000

Symbol: appcode
   Definitions
      At line 3 in file final.s
   Uses
      None
Comment: appcode unused
stop 0000001C

Symbol: stop
   Definitions
      At line 21 in file final.s
   Uses
      At line 21 in file final.s
Comment: stop used once
3 symbols
338 symbols in table
